<?xml version="1.0" encoding="UTF-8"?>
<!-- Generated by org.testng.reporters.JUnitReportReporter -->
<testsuite hostname="INBDQ2LTBL8KZ33" failures="0" tests="1" name="tests.getUsers" time="5.663" errors="0" timestamp="2023-04-10T12:29:26 IST" skipped="0">
  <testcase classname="tests.getUsers" name="getUsers" time="5.663"/>
  <system-out/>
</testsuite> <!-- tests.getUsers -->
