<?xml version="1.0" encoding="UTF-8"?>
<!-- Generated by org.testng.reporters.JUnitReportReporter -->
<testsuite hostname="INBDQ2LTBL8KZ33" failures="0" tests="1" name="tests.getRequests" time="2.329" errors="0" timestamp="2023-04-10T12:35:12 IST" skipped="0">
  <testcase classname="tests.getRequests" name="getUsers" time="2.329"/>
  <system-out/>
</testsuite> <!-- tests.getRequests -->
